  BlockClear.cpp
C:\Users\kosty\Desktop\ШАКАЛАДКА\прога\C++\Проекты\BlockClear\BlockClear\BlockClear.cpp(75,56): warning C4244: аргумент: преобразование "int" в "T", возможна потеря данных
          with
          [
              T=float
          ]
C:\Users\kosty\Desktop\ШАКАЛАДКА\прога\C++\Проекты\BlockClear\BlockClear\BlockClear.cpp(75,42): warning C4244: аргумент: преобразование "int" в "T", возможна потеря данных
          with
          [
              T=float
          ]
C:\Users\kosty\Desktop\ШАКАЛАДКА\прога\C++\Проекты\BlockClear\BlockClear\BlockClear.cpp(103,90): warning C4267: +=: преобразование из "size_t" в "int"; возможна потеря данных
C:\Users\kosty\Desktop\ШАКАЛАДКА\прога\C++\Проекты\BlockClear\BlockClear\BlockClear.cpp(133,37): warning C4244: аргумент: преобразование "unsigned __int64" в "T", возможна потеря данных
          with
          [
              T=float
          ]
C:\Users\kosty\Desktop\ШАКАЛАДКА\прога\C++\Проекты\BlockClear\BlockClear\BlockClear.cpp(163,16): warning C4244: инициализация: преобразование "int" в "float", возможна потеря данных
C:\Users\kosty\Desktop\ШАКАЛАДКА\прога\C++\Проекты\BlockClear\BlockClear\BlockClear.cpp(168,11): warning C4244: =: преобразование "int" в "float", возможна потеря данных
C:\Users\kosty\Desktop\ШАКАЛАДКА\прога\C++\Проекты\BlockClear\BlockClear\BlockClear.cpp(194,11): warning C4244: =: преобразование "int" в "float", возможна потеря данных
C:\Users\kosty\Desktop\ШАКАЛАДКА\прога\C++\Проекты\BlockClear\BlockClear\BlockClear.cpp(219,11): warning C4244: =: преобразование "int" в "float", возможна потеря данных
C:\Users\kosty\Desktop\ШАКАЛАДКА\прога\C++\Проекты\BlockClear\BlockClear\BlockClear.cpp(311,11): warning C4244: инициализация: преобразование "double" в "int", возможна потеря данных
C:\Users\kosty\Desktop\ШАКАЛАДКА\прога\C++\Проекты\BlockClear\BlockClear\BlockClear.cpp(311,48): warning C4244: инициализация: преобразование "double" в "int", возможна потеря данных
C:\Users\kosty\Desktop\ШАКАЛАДКА\прога\C++\Проекты\BlockClear\BlockClear\BlockClear.cpp(347,13): warning C4244: =: преобразование "int" в "float", возможна потеря данных
C:\Users\kosty\Desktop\ШАКАЛАДКА\прога\C++\Проекты\BlockClear\BlockClear\BlockClear.cpp(358,13): warning C4244: =: преобразование "int" в "float", возможна потеря данных
C:\Users\kosty\Desktop\ШАКАЛАДКА\прога\C++\Проекты\BlockClear\BlockClear\BlockClear.cpp(408,12): warning C4244: аргумент: преобразование "time_t" в "unsigned int", возможна потеря данных
C:\Users\kosty\Desktop\ШАКАЛАДКА\прога\C++\Проекты\BlockClear\BlockClear\BlockClear.cpp(459,27): warning C4305: аргумент: усечение из "double" в "float"
C:\Users\kosty\Desktop\ШАКАЛАДКА\прога\C++\Проекты\BlockClear\BlockClear\BlockClear.cpp(459,50): warning C4305: аргумент: усечение из "double" в "float"
C:\Users\kosty\Desktop\ШАКАЛАДКА\прога\C++\Проекты\BlockClear\BlockClear\BlockClear.cpp(459,73): warning C4305: аргумент: усечение из "double" в "float"
C:\Users\kosty\Desktop\ШАКАЛАДКА\прога\C++\Проекты\BlockClear\BlockClear\BlockClear.cpp(476,15): warning C4244: инициализация: преобразование "sf::Int64" в "float", возможна потеря данных
C:\Users\kosty\Desktop\ШАКАЛАДКА\прога\C++\Проекты\BlockClear\BlockClear\BlockClear.cpp(411,12): warning C4101: AllTimeSecInt: неиспользованная локальная переменная
  BlockClear.vcxproj -> C:\Users\kosty\Desktop\ШАКАЛАДКА\прога\C++\Проекты\BlockClear\x64\Debug\BlockClear.exe
